
///////////////////////////////////
// Efinity Synthesis Started 
// Feb 19, 2023 23:24:47
///////////////////////////////////


///////////////////////////////////
// Efinity Synthesis Started 
// Feb 19, 2023 23:25:12
///////////////////////////////////


///////////////////////////////////
// Efinity Synthesis Started 
// Feb 19, 2023 23:43:42
///////////////////////////////////


///////////////////////////////////
// Efinity Synthesis Started 
// Feb 19, 2023 23:44:12
///////////////////////////////////


///////////////////////////////////
// Efinity Synthesis Started 
// Feb 20, 2023 00:50:34
///////////////////////////////////


///////////////////////////////////
// Efinity Synthesis Started 
// Feb 20, 2023 00:51:04
///////////////////////////////////


///////////////////////////////////
// Efinity Synthesis Started 
// Feb 20, 2023 01:02:43
///////////////////////////////////


///////////////////////////////////
// Efinity Synthesis Started 
// Feb 20, 2023 01:03:08
///////////////////////////////////


///////////////////////////////////
// Efinity Synthesis Started 
// Feb 20, 2023 01:11:12
///////////////////////////////////


///////////////////////////////////
// Efinity Synthesis Started 
// Feb 20, 2023 01:11:38
///////////////////////////////////


///////////////////////////////////
// Efinity Synthesis Started 
// Feb 20, 2023 01:36:15
///////////////////////////////////


///////////////////////////////////
// Efinity Synthesis Started 
// Feb 20, 2023 01:36:41
///////////////////////////////////


///////////////////////////////////
// Efinity Synthesis Started 
// Feb 20, 2023 01:41:54
///////////////////////////////////


///////////////////////////////////
// Efinity Synthesis Started 
// Feb 20, 2023 01:42:19
///////////////////////////////////


///////////////////////////////////
// Efinity Synthesis Started 
// Feb 20, 2023 01:54:57
///////////////////////////////////


///////////////////////////////////
// Efinity Synthesis Started 
// Feb 20, 2023 01:55:25
///////////////////////////////////


///////////////////////////////////
// Efinity Synthesis Started 
// Feb 20, 2023 02:12:34
///////////////////////////////////


///////////////////////////////////
// Efinity Synthesis Started 
// Feb 20, 2023 02:13:03
///////////////////////////////////


///////////////////////////////////
// Efinity Synthesis Started 
// Feb 20, 2023 02:20:43
///////////////////////////////////


///////////////////////////////////
// Efinity Synthesis Started 
// Feb 20, 2023 02:21:14
///////////////////////////////////


///////////////////////////////////
// Efinity Synthesis Started 
// Feb 20, 2023 02:38:35
///////////////////////////////////


///////////////////////////////////
// Efinity Synthesis Started 
// Feb 20, 2023 02:39:07
///////////////////////////////////


///////////////////////////////////
// Efinity Synthesis Started 
// Feb 20, 2023 02:47:30
///////////////////////////////////


///////////////////////////////////
// Efinity Synthesis Started 
// Feb 20, 2023 02:48:06
///////////////////////////////////


///////////////////////////////////
// Efinity Synthesis Started 
// Mar 12, 2023 17:29:25
///////////////////////////////////


///////////////////////////////////
// Efinity Synthesis Started 
// Mar 12, 2023 17:29:54
///////////////////////////////////


///////////////////////////////////
// Efinity Synthesis Started 
// May 06, 2023 12:08:01
///////////////////////////////////


///////////////////////////////////
// Efinity Synthesis Started 
// May 06, 2023 12:08:40
///////////////////////////////////


///////////////////////////////////
// Efinity Synthesis Started 
// May 06, 2023 18:25:42
///////////////////////////////////


///////////////////////////////////
// Efinity Synthesis Started 
// May 06, 2023 18:26:14
///////////////////////////////////


///////////////////////////////////
// Efinity Synthesis Started 
// May 07, 2023 17:43:20
///////////////////////////////////


///////////////////////////////////
// Efinity Synthesis Started 
// May 07, 2023 17:44:04
///////////////////////////////////


///////////////////////////////////
// Efinity Synthesis Started 
// May 07, 2023 17:52:22
///////////////////////////////////


///////////////////////////////////
// Efinity Synthesis Started 
// May 07, 2023 17:53:07
///////////////////////////////////


///////////////////////////////////
// Efinity Synthesis Started 
// May 07, 2023 18:04:44
///////////////////////////////////


///////////////////////////////////
// Efinity Synthesis Started 
// May 07, 2023 18:05:35
///////////////////////////////////


///////////////////////////////////
// Efinity Synthesis Started 
// May 07, 2023 18:22:00
///////////////////////////////////


///////////////////////////////////
// Efinity Synthesis Started 
// May 07, 2023 18:22:34
///////////////////////////////////


///////////////////////////////////
// Efinity Synthesis Started 
// May 07, 2023 23:08:53
///////////////////////////////////


///////////////////////////////////
// Efinity Synthesis Started 
// May 07, 2023 23:09:28
///////////////////////////////////


///////////////////////////////////
// Efinity Synthesis Started 
// May 08, 2023 08:39:30
///////////////////////////////////


///////////////////////////////////
// Efinity Synthesis Started 
// May 08, 2023 08:40:24
///////////////////////////////////


///////////////////////////////////
// Efinity Synthesis Started 
// May 08, 2023 09:39:27
///////////////////////////////////


///////////////////////////////////
// Efinity Synthesis Started 
// May 08, 2023 09:40:20
///////////////////////////////////


///////////////////////////////////
// Efinity Synthesis Started 
// May 08, 2023 11:21:03
///////////////////////////////////


///////////////////////////////////
// Efinity Synthesis Started 
// May 08, 2023 11:21:52
///////////////////////////////////

[EFX-0210 ERROR] No Top design.

///////////////////////////////////
// Efinity Synthesis Started 
// May 08, 2023 11:22:47
///////////////////////////////////


///////////////////////////////////
// Efinity Synthesis Started 
// May 08, 2023 11:23:36
///////////////////////////////////


///////////////////////////////////
// Efinity Synthesis Started 
// May 08, 2023 13:38:18
///////////////////////////////////


///////////////////////////////////
// Efinity Synthesis Started 
// May 08, 2023 13:39:12
///////////////////////////////////

[EFX-0210 ERROR] No Top design.

///////////////////////////////////
// Efinity Synthesis Started 
// May 08, 2023 13:40:08
///////////////////////////////////


///////////////////////////////////
// Efinity Synthesis Started 
// May 08, 2023 13:41:05
///////////////////////////////////


///////////////////////////////////
// Efinity Synthesis Started 
// May 08, 2023 14:00:03
///////////////////////////////////


///////////////////////////////////
// Efinity Synthesis Started 
// May 08, 2023 14:00:54
///////////////////////////////////


///////////////////////////////////
// Efinity Synthesis Started 
// May 08, 2023 14:19:40
///////////////////////////////////


///////////////////////////////////
// Efinity Synthesis Started 
// May 08, 2023 14:20:31
///////////////////////////////////


///////////////////////////////////
// Efinity Synthesis Started 
// May 08, 2023 14:49:45
///////////////////////////////////


///////////////////////////////////
// Efinity Synthesis Started 
// May 08, 2023 14:50:36
///////////////////////////////////


///////////////////////////////////
// Efinity Synthesis Started 
// May 08, 2023 15:24:34
///////////////////////////////////


///////////////////////////////////
// Efinity Synthesis Started 
// May 08, 2023 15:25:22
///////////////////////////////////


///////////////////////////////////
// Efinity Synthesis Started 
// May 08, 2023 18:29:07
///////////////////////////////////


///////////////////////////////////
// Efinity Synthesis Started 
// May 08, 2023 18:29:54
///////////////////////////////////


///////////////////////////////////
// Efinity Synthesis Started 
// May 08, 2023 18:46:24
///////////////////////////////////


///////////////////////////////////
// Efinity Synthesis Started 
// May 08, 2023 18:47:20
///////////////////////////////////


///////////////////////////////////
// Efinity Synthesis Started 
// May 08, 2023 18:51:19
///////////////////////////////////


///////////////////////////////////
// Efinity Synthesis Started 
// May 08, 2023 18:52:06
///////////////////////////////////


///////////////////////////////////
// Efinity Synthesis Started 
// May 08, 2023 20:21:04
///////////////////////////////////


///////////////////////////////////
// Efinity Synthesis Started 
// May 08, 2023 20:21:52
///////////////////////////////////


///////////////////////////////////
// Efinity Synthesis Started 
// May 08, 2023 20:28:12
///////////////////////////////////


///////////////////////////////////
// Efinity Synthesis Started 
// May 08, 2023 20:28:54
///////////////////////////////////


///////////////////////////////////
// Efinity Synthesis Started 
// May 08, 2023 20:38:10
///////////////////////////////////


///////////////////////////////////
// Efinity Synthesis Started 
// May 08, 2023 20:38:48
///////////////////////////////////


///////////////////////////////////
// Efinity Synthesis Started 
// May 08, 2023 21:57:02
///////////////////////////////////


///////////////////////////////////
// Efinity Synthesis Started 
// May 08, 2023 21:57:58
///////////////////////////////////

[EFX-0377 ERROR] Clock port 'CLK' of instance 'edb_top_inst/la1/la_resetn_p1~FF' is constant. (D:/FPGA_Prj/03_Ti60F225_DemoBoard/Prj_demo/00_demo_total/01_Ti60_Soft_DDR3_Axi_demo_v3/efinity_project/work_dbg/debug_top.v:4169)

///////////////////////////////////
// Efinity Synthesis Started 
// May 08, 2023 22:01:10
///////////////////////////////////


///////////////////////////////////
// Efinity Synthesis Started 
// May 08, 2023 22:02:05
///////////////////////////////////


///////////////////////////////////
// Efinity Synthesis Started 
// May 08, 2023 22:33:00
///////////////////////////////////


///////////////////////////////////
// Efinity Synthesis Started 
// May 08, 2023 22:33:56
///////////////////////////////////


///////////////////////////////////
// Efinity Synthesis Started 
// May 08, 2023 23:06:12
///////////////////////////////////


///////////////////////////////////
// Efinity Synthesis Started 
// May 08, 2023 23:07:17
///////////////////////////////////


///////////////////////////////////
// Efinity Synthesis Started 
// May 08, 2023 23:35:31
///////////////////////////////////


///////////////////////////////////
// Efinity Synthesis Started 
// May 08, 2023 23:36:28
///////////////////////////////////


///////////////////////////////////
// Efinity Synthesis Started 
// May 08, 2023 23:41:58
///////////////////////////////////


///////////////////////////////////
// Efinity Synthesis Started 
// May 08, 2023 23:42:59
///////////////////////////////////


///////////////////////////////////
// Efinity Synthesis Started 
// May 08, 2023 23:57:16
///////////////////////////////////


///////////////////////////////////
// Efinity Synthesis Started 
// May 08, 2023 23:58:11
///////////////////////////////////

[EFX-0210 ERROR] No Top design.

///////////////////////////////////
// Efinity Synthesis Started 
// May 09, 2023 00:00:26
///////////////////////////////////


///////////////////////////////////
// Efinity Synthesis Started 
// May 09, 2023 00:00:59
///////////////////////////////////


///////////////////////////////////
// Efinity Synthesis Started 
// May 09, 2023 00:15:53
///////////////////////////////////


///////////////////////////////////
// Efinity Synthesis Started 
// May 09, 2023 00:16:26
///////////////////////////////////


///////////////////////////////////
// Efinity Synthesis Started 
// May 09, 2023 09:25:53
///////////////////////////////////


///////////////////////////////////
// Efinity Synthesis Started 
// May 09, 2023 09:26:28
///////////////////////////////////


///////////////////////////////////
// Efinity Synthesis Started 
// May 09, 2023 09:42:21
///////////////////////////////////


///////////////////////////////////
// Efinity Synthesis Started 
// May 09, 2023 09:42:53
///////////////////////////////////


///////////////////////////////////
// Efinity Synthesis Started 
// May 09, 2023 09:57:19
///////////////////////////////////


///////////////////////////////////
// Efinity Synthesis Started 
// May 09, 2023 09:57:52
///////////////////////////////////

[EFX-0210 ERROR] No Top design.

///////////////////////////////////
// Efinity Synthesis Started 
// May 09, 2023 10:01:01
///////////////////////////////////


///////////////////////////////////
// Efinity Synthesis Started 
// May 09, 2023 10:01:39
///////////////////////////////////


///////////////////////////////////
// Efinity Synthesis Started 
// May 09, 2023 23:59:28
///////////////////////////////////


///////////////////////////////////
// Efinity Synthesis Started 
// May 10, 2023 00:00:00
///////////////////////////////////


///////////////////////////////////
// Efinity Synthesis Started 
// May 10, 2023 11:19:13
///////////////////////////////////


///////////////////////////////////
// Efinity Synthesis Started 
// May 10, 2023 11:19:50
///////////////////////////////////


///////////////////////////////////
// Efinity Synthesis Started 
// Jun 28, 2023 08:45:59
///////////////////////////////////


///////////////////////////////////
// Efinity Synthesis Started 
// Jun 28, 2023 08:46:30
///////////////////////////////////


///////////////////////////////////
// Efinity Synthesis Started 
// Jun 28, 2023 10:09:37
///////////////////////////////////


///////////////////////////////////
// Efinity Synthesis Started 
// Jun 28, 2023 10:10:09
///////////////////////////////////


///////////////////////////////////
// Efinity Synthesis Started 
// Jun 28, 2023 10:25:57
///////////////////////////////////


///////////////////////////////////
// Efinity Synthesis Started 
// Jun 28, 2023 10:26:34
///////////////////////////////////


///////////////////////////////////
// Efinity Synthesis Started 
// Jun 28, 2023 11:01:48
///////////////////////////////////


///////////////////////////////////
// Efinity Synthesis Started 
// Jun 28, 2023 11:02:23
///////////////////////////////////


///////////////////////////////////
// Efinity Synthesis Started 
// Jun 28, 2023 11:06:52
///////////////////////////////////


///////////////////////////////////
// Efinity Synthesis Started 
// Jun 28, 2023 11:07:24
///////////////////////////////////


///////////////////////////////////
// Efinity Synthesis Started 
// Jul 01, 2023 22:21:52
///////////////////////////////////


///////////////////////////////////
// Efinity Synthesis Started 
// Jul 01, 2023 22:22:23
///////////////////////////////////


///////////////////////////////////
// Efinity Synthesis Started 
// Jul 01, 2023 22:54:49
///////////////////////////////////


///////////////////////////////////
// Efinity Synthesis Started 
// Jul 01, 2023 22:55:46
///////////////////////////////////


///////////////////////////////////
// Efinity Synthesis Started 
// Jul 01, 2023 23:21:41
///////////////////////////////////


///////////////////////////////////
// Efinity Synthesis Started 
// Jul 01, 2023 23:22:12
///////////////////////////////////


///////////////////////////////////
// Efinity Synthesis Started 
// Jul 01, 2023 23:42:40
///////////////////////////////////


///////////////////////////////////
// Efinity Synthesis Started 
// Jul 01, 2023 23:43:10
///////////////////////////////////


///////////////////////////////////
// Efinity Synthesis Started 
// Jul 01, 2023 23:59:44
///////////////////////////////////


///////////////////////////////////
// Efinity Synthesis Started 
// Jul 02, 2023 00:00:32
///////////////////////////////////


///////////////////////////////////
// Efinity Synthesis Started 
// Sep 24, 2023 23:06:55
///////////////////////////////////


///////////////////////////////////
// Efinity Synthesis Started 
// Sep 24, 2023 23:07:22
///////////////////////////////////


///////////////////////////////////
// Efinity Synthesis Started 
// Sep 26, 2023 20:19:04
///////////////////////////////////


///////////////////////////////////
// Efinity Synthesis Started 
// Sep 26, 2023 20:19:26
///////////////////////////////////


///////////////////////////////////
// Efinity Synthesis Started 
// Sep 26, 2023 20:29:29
///////////////////////////////////


///////////////////////////////////
// Efinity Synthesis Started 
// Sep 26, 2023 20:29:51
///////////////////////////////////


///////////////////////////////////
// Efinity Synthesis Started 
// Sep 26, 2023 21:34:07
///////////////////////////////////


///////////////////////////////////
// Efinity Synthesis Started 
// Sep 26, 2023 21:34:29
///////////////////////////////////


///////////////////////////////////
// Efinity Synthesis Started 
// Nov 26, 2023 19:37:49
///////////////////////////////////


///////////////////////////////////
// Efinity Synthesis Started 
// Nov 26, 2023 19:38:13
///////////////////////////////////

[EFX-0210 ERROR] No Top design.

///////////////////////////////////
// Efinity Synthesis Started 
// Nov 26, 2023 20:08:26
///////////////////////////////////


///////////////////////////////////
// Efinity Synthesis Started 
// Nov 26, 2023 20:08:46
///////////////////////////////////


///////////////////////////////////
// Efinity Synthesis Started 
// Nov 26, 2023 20:27:39
///////////////////////////////////


///////////////////////////////////
// Efinity Synthesis Started 
// Nov 26, 2023 20:27:59
///////////////////////////////////


///////////////////////////////////
// Efinity Synthesis Started 
// Nov 26, 2023 20:38:34
///////////////////////////////////


///////////////////////////////////
// Efinity Synthesis Started 
// Nov 26, 2023 20:38:57
///////////////////////////////////


///////////////////////////////////
// Efinity Synthesis Started 
// Nov 26, 2023 20:54:26
///////////////////////////////////


///////////////////////////////////
// Efinity Synthesis Started 
// Nov 26, 2023 20:54:47
///////////////////////////////////


///////////////////////////////////
// Efinity Synthesis Started 
// Nov 26, 2023 21:11:26
///////////////////////////////////


///////////////////////////////////
// Efinity Synthesis Started 
// Nov 26, 2023 21:11:47
///////////////////////////////////


///////////////////////////////////
// Efinity Synthesis Started 
// Nov 26, 2023 21:33:52
///////////////////////////////////


///////////////////////////////////
// Efinity Synthesis Started 
// Nov 26, 2023 21:34:11
///////////////////////////////////


///////////////////////////////////
// Efinity Synthesis Started 
// Nov 26, 2023 21:34:33
///////////////////////////////////


///////////////////////////////////
// Efinity Synthesis Started 
// Nov 26, 2023 21:41:06
///////////////////////////////////


///////////////////////////////////
// Efinity Synthesis Started 
// Nov 26, 2023 21:41:27
///////////////////////////////////


///////////////////////////////////
// Efinity Synthesis Started 
// Nov 26, 2023 21:47:03
///////////////////////////////////


///////////////////////////////////
// Efinity Synthesis Started 
// Nov 26, 2023 21:47:23
///////////////////////////////////


///////////////////////////////////
// Efinity Synthesis Started 
// Nov 26, 2023 22:29:13
///////////////////////////////////


///////////////////////////////////
// Efinity Synthesis Started 
// Nov 26, 2023 22:29:32
///////////////////////////////////


///////////////////////////////////
// Efinity Synthesis Started 
// Nov 27, 2023 09:49:32
///////////////////////////////////


///////////////////////////////////
// Efinity Synthesis Started 
// Nov 27, 2023 09:49:52
///////////////////////////////////

[EFX-0210 ERROR] No Top design.

///////////////////////////////////
// Efinity Synthesis Started 
// Nov 27, 2023 09:53:57
///////////////////////////////////


///////////////////////////////////
// Efinity Synthesis Started 
// Nov 27, 2023 09:54:18
///////////////////////////////////


///////////////////////////////////
// Efinity Synthesis Started 
// Nov 27, 2023 10:23:52
///////////////////////////////////


///////////////////////////////////
// Efinity Synthesis Started 
// Nov 27, 2023 10:24:12
///////////////////////////////////


///////////////////////////////////
// Efinity Synthesis Started 
// Nov 27, 2023 10:39:12
///////////////////////////////////


///////////////////////////////////
// Efinity Synthesis Started 
// Nov 27, 2023 10:39:32
///////////////////////////////////


///////////////////////////////////
// Efinity Synthesis Started 
// Nov 27, 2023 10:59:58
///////////////////////////////////


///////////////////////////////////
// Efinity Synthesis Started 
// Nov 27, 2023 11:00:18
///////////////////////////////////


///////////////////////////////////
// Efinity Synthesis Started 
// Nov 27, 2023 11:20:25
///////////////////////////////////


///////////////////////////////////
// Efinity Synthesis Started 
// Nov 27, 2023 11:22:55
///////////////////////////////////


///////////////////////////////////
// Efinity Synthesis Started 
// Nov 27, 2023 11:23:15
///////////////////////////////////


///////////////////////////////////
// Efinity Synthesis Started 
// Nov 27, 2023 13:38:15
///////////////////////////////////


///////////////////////////////////
// Efinity Synthesis Started 
// Nov 27, 2023 13:38:35
///////////////////////////////////


///////////////////////////////////
// Efinity Synthesis Started 
// Nov 27, 2023 15:19:02
///////////////////////////////////


///////////////////////////////////
// Efinity Synthesis Started 
// Nov 27, 2023 15:19:21
///////////////////////////////////

[EFX-0210 ERROR] No Top design.

///////////////////////////////////
// Efinity Synthesis Started 
// Nov 27, 2023 23:03:33
///////////////////////////////////


///////////////////////////////////
// Efinity Synthesis Started 
// Nov 27, 2023 23:03:44
///////////////////////////////////


///////////////////////////////////
// Efinity Synthesis Started 
// Nov 27, 2023 23:20:03
///////////////////////////////////


///////////////////////////////////
// Efinity Synthesis Started 
// Nov 27, 2023 23:20:25
///////////////////////////////////


///////////////////////////////////
// Efinity Synthesis Started 
// Nov 28, 2023 11:15:55
///////////////////////////////////


///////////////////////////////////
// Efinity Synthesis Started 
// Nov 28, 2023 11:16:38
///////////////////////////////////


///////////////////////////////////
// Efinity Synthesis Started 
// Nov 28, 2023 11:22:11
///////////////////////////////////


///////////////////////////////////
// Efinity Synthesis Started 
// Nov 28, 2023 11:22:33
///////////////////////////////////


///////////////////////////////////
// Efinity Synthesis Started 
// Nov 28, 2023 11:38:37
///////////////////////////////////


///////////////////////////////////
// Efinity Synthesis Started 
// Nov 28, 2023 11:38:58
///////////////////////////////////


///////////////////////////////////
// Efinity Synthesis Started 
// Nov 28, 2023 16:56:57
///////////////////////////////////


///////////////////////////////////
// Efinity Synthesis Started 
// Nov 28, 2023 16:57:19
///////////////////////////////////


///////////////////////////////////
// Efinity Synthesis Started 
// Nov 28, 2023 17:25:43
///////////////////////////////////


///////////////////////////////////
// Efinity Synthesis Started 
// Nov 28, 2023 17:25:54
///////////////////////////////////


///////////////////////////////////
// Efinity Synthesis Started 
// Nov 30, 2023 20:48:27
///////////////////////////////////


///////////////////////////////////
// Efinity Synthesis Started 
// Nov 30, 2023 20:48:38
///////////////////////////////////


///////////////////////////////////
// Efinity Synthesis Started 
// Nov 30, 2023 21:03:17
///////////////////////////////////


///////////////////////////////////
// Efinity Synthesis Started 
// Nov 30, 2023 21:03:37
///////////////////////////////////


///////////////////////////////////
// Efinity Synthesis Started 
// Nov 30, 2023 21:17:43
///////////////////////////////////


///////////////////////////////////
// Efinity Synthesis Started 
// Nov 30, 2023 21:18:03
///////////////////////////////////


///////////////////////////////////
// Efinity Synthesis Started 
// Nov 30, 2023 21:44:27
///////////////////////////////////


///////////////////////////////////
// Efinity Synthesis Started 
// Nov 30, 2023 21:44:38
///////////////////////////////////


///////////////////////////////////
// Efinity Synthesis Started 
// Nov 30, 2023 21:59:22
///////////////////////////////////


///////////////////////////////////
// Efinity Synthesis Started 
// Nov 30, 2023 21:59:32
///////////////////////////////////


///////////////////////////////////
// Efinity Synthesis Started 
// Nov 30, 2023 22:37:28
///////////////////////////////////


///////////////////////////////////
// Efinity Synthesis Started 
// Nov 30, 2023 22:37:38
///////////////////////////////////


///////////////////////////////////
// Efinity Synthesis Started 
// Dec 01, 2023 10:51:43
///////////////////////////////////


///////////////////////////////////
// Efinity Synthesis Started 
// Dec 01, 2023 10:51:53
///////////////////////////////////


///////////////////////////////////
// Efinity Synthesis Started 
// Dec 01, 2023 11:54:31
///////////////////////////////////


///////////////////////////////////
// Efinity Synthesis Started 
// Dec 01, 2023 11:54:40
///////////////////////////////////


///////////////////////////////////
// Efinity Synthesis Started 
// Dec 01, 2023 12:27:38
///////////////////////////////////


///////////////////////////////////
// Efinity Synthesis Started 
// Dec 01, 2023 12:27:47
///////////////////////////////////


///////////////////////////////////
// Efinity Synthesis Started 
// Dec 01, 2023 13:06:46
///////////////////////////////////


///////////////////////////////////
// Efinity Synthesis Started 
// Dec 01, 2023 13:06:56
///////////////////////////////////

